[debug] [2023-01-09T09:43:27.172Z] ----------------------------------------------------------------------
[debug] [2023-01-09T09:43:27.173Z] Command:       C:\Users\owner\AppData\Local\Volta\tools\image\node\16.18.0\node.exe C:\Users\owner\AppData\Local\Volta\tools\image\packages\firebase-tools\node_modules\firebase-tools\lib\bin\firebase.js init hosting
[debug] [2023-01-09T09:43:27.173Z] CLI Version:   11.20.0
[debug] [2023-01-09T09:43:27.173Z] Platform:      win32
[debug] [2023-01-09T09:43:27.173Z] Node Version:  v16.18.0
[debug] [2023-01-09T09:43:27.174Z] Time:          Mon Jan 09 2023 18:43:27 GMT+0900 (日本標準時)
[debug] [2023-01-09T09:43:27.174Z] ----------------------------------------------------------------------
[debug] 
[debug] [2023-01-09T09:43:27.178Z] > command requires scopes: ["email","openid","https://www.googleapis.com/auth/cloudplatformprojects.readonly","https://www.googleapis.com/auth/firebase","https://www.googleapis.com/auth/cloud-platform"]
[debug] [2023-01-09T09:43:27.178Z] > authorizing via signed-in user (hidehide21@gmail.com)
[info] 
     ######## #### ########  ######## ########     ###     ######  ########
     ##        ##  ##     ## ##       ##     ##  ##   ##  ##       ##
     ######    ##  ########  ######   ########  #########  ######  ######
     ##        ##  ##    ##  ##       ##     ## ##     ##       ## ##
     ##       #### ##     ## ######## ########  ##     ##  ######  ########

You're about to initialize a Firebase project in this directory:

  C:\Users\owner\Documents\fb-test

[info] 
=== Project Setup
[info] 
[info] First, let's associate this project directory with a Firebase project.
[info] You can create multiple project aliases by running firebase use --add, 
[info] but for now we'll just set up a default project.
[info] 
[debug] [2023-01-09T09:43:31.859Z] >>> [apiv2][query] GET https://firebase.googleapis.com/v1beta1/projects pageSize=100
[debug] [2023-01-09T09:43:32.434Z] <<< [apiv2][status] GET https://firebase.googleapis.com/v1beta1/projects 200
[debug] [2023-01-09T09:43:32.434Z] <<< [apiv2][body] GET https://firebase.googleapis.com/v1beta1/projects [omitted]
[info] i  Using project auth-d9b44 (auth) 
[info] 
=== Hosting Setup
[info] 
[info] Your public directory is the folder (relative to your project directory) that
[info] will contain Hosting assets to be uploaded with firebase deploy. If you
[info] have a build process for your assets, use your build's output directory.
[info] 
[debug] [2023-01-09T09:43:56.816Z] >>> [apiv2][query] GET https://www.gstatic.com/firebasejs/releases.json [none]
[debug] [2023-01-09T09:43:56.900Z] <<< [apiv2][status] GET https://www.gstatic.com/firebasejs/releases.json 200
[debug] [2023-01-09T09:43:56.900Z] <<< [apiv2][body] GET https://www.gstatic.com/firebasejs/releases.json {"current":{"version":"9.15.0","browserURL":"https://www.gstatic.com/firebasejs/9.15.0/firebase.js","packageURL":"https://www.gstatic.com/firebasejs/9.15.0/firebase.tgz"},"live":{"version":"9.15","browserURL":"https://www.gstatic.com/firebasejs/live/9.15/firebase.js","packageURL":"https://www.gstatic.com/firebasejs/live/9.15/firebase.tgz"},"components":{"analytics":"https://www.gstatic.com/firebasejs/9.15.0/firebase-analytics.js","app":"https://www.gstatic.com/firebasejs/9.15.0/firebase-app.js","app-check":"https://www.gstatic.com/firebasejs/9.15.0/firebase-app-check.js","auth":"https://www.gstatic.com/firebasejs/9.15.0/firebase-auth.js","auth/cordova":"https://www.gstatic.com/firebasejs/9.15.0/firebase-auth/cordova.js","auth/react-native":"https://www.gstatic.com/firebasejs/9.15.0/firebase-auth/react-native.js","functions":"https://www.gstatic.com/firebasejs/9.15.0/firebase-functions.js","firestore":"https://www.gstatic.com/firebasejs/9.15.0/firebase-firestore.js","firestore/lite":"https://www.gstatic.com/firebasejs/9.15.0/firebase-firestore/lite.js","installations":"https://www.gstatic.com/firebasejs/9.15.0/firebase-installations.js","storage":"https://www.gstatic.com/firebasejs/9.15.0/firebase-storage.js","performance":"https://www.gstatic.com/firebasejs/9.15.0/firebase-performance.js","remote-config":"https://www.gstatic.com/firebasejs/9.15.0/firebase-remote-config.js","messaging":"https://www.gstatic.com/firebasejs/9.15.0/firebase-messaging.js","messaging/sw":"https://www.gstatic.com/firebasejs/9.15.0/firebase-messaging/sw.js","database":"https://www.gstatic.com/firebasejs/9.15.0/firebase-database.js","firestore.memory":"https://www.gstatic.com/firebasejs/9.15.0/firebase-firestore.memory.js"}}
[info] +  Wrote public/index.html 
[info] 
[info] i  Detected a .git folder at C:\Users\owner\Documents\fb-test 
[info] i  Authorizing with GitHub to upload your service account to a GitHub repository's secrets store. 
[info] 
[info] Visit this URL on this device to log in:
[info] https://github.com/login/oauth/authorize?client_id=89cf50f02ac6aaed3484&state=491824888&redirect_uri=http%3A%2F%2Flocalhost%3A9005&scope=read%3Auser%20repo%20public_repo
[info] 
[info] Waiting for authentication...
[debug] [2023-01-09T09:43:57.617Z] >>> [apiv2][query] POST https://github.com/login/oauth/access_token [none]
[debug] [2023-01-09T09:43:57.617Z] >>> [apiv2][body] POST https://github.com/login/oauth/access_token [stream]
[debug] [2023-01-09T09:43:57.942Z] <<< [apiv2][status] POST https://github.com/login/oauth/access_token 200
[debug] [2023-01-09T09:43:57.942Z] <<< [apiv2][body] POST https://github.com/login/oauth/access_token {"access_token":"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","token_type":"bearer","scope":"read:user,repo"}
[debug] [2023-01-09T09:43:57.949Z] >>> [apiv2][query] GET https://api.github.com/user [none]
[debug] [2023-01-09T09:43:58.324Z] <<< [apiv2][status] GET https://api.github.com/user 200
[debug] [2023-01-09T09:43:58.324Z] <<< [apiv2][body] GET https://api.github.com/user {"login":"hidecchi","id":76471415,"node_id":"MDQ6VXNlcjc2NDcxNDE1","avatar_url":"https://avatars.githubusercontent.com/u/76471415?v=4","gravatar_id":"","url":"https://api.github.com/users/hidecchi","html_url":"https://github.com/hidecchi","followers_url":"https://api.github.com/users/hidecchi/followers","following_url":"https://api.github.com/users/hidecchi/following{/other_user}","gists_url":"https://api.github.com/users/hidecchi/gists{/gist_id}","starred_url":"https://api.github.com/users/hidecchi/starred{/owner}{/repo}","subscriptions_url":"https://api.github.com/users/hidecchi/subscriptions","organizations_url":"https://api.github.com/users/hidecchi/orgs","repos_url":"https://api.github.com/users/hidecchi/repos","events_url":"https://api.github.com/users/hidecchi/events{/privacy}","received_events_url":"https://api.github.com/users/hidecchi/received_events","type":"User","site_admin":false,"name":null,"company":null,"blog":"","location":null,"email":null,"hireable":null,"bio":null,"twitter_username":null,"public_repos":9,"public_gists":0,"followers":1,"following":0,"created_at":"2020-12-22T08:24:08Z","updated_at":"2022-11-07T14:16:49Z","private_gists":0,"total_private_repos":5,"owned_private_repos":5,"disk_usage":8445,"collaborators":0,"two_factor_authentication":true,"plan":{"name":"free","space":976562499,"collaborators":0,"private_repos":10000}}
[info] 
[info] +  Success! Logged into GitHub as hidecchi 
[info] 
